\BOOKMARK [1][-]{section.1}{Introducci\363n}{}% 1
\BOOKMARK [1][-]{section.2}{Modelo de Datos}{}% 2
\BOOKMARK [2][-]{subsection.2.1}{Descripci\363n}{section.2}% 3
\BOOKMARK [2][-]{subsection.2.2}{Diagrama E/R}{section.2}% 4
\BOOKMARK [2][-]{subsection.2.3}{Paso de E/R a Modelo relacional}{section.2}% 5
\BOOKMARK [2][-]{subsection.2.4}{Modelo Relacional}{section.2}% 6
\BOOKMARK [2][-]{subsection.2.5}{SQL}{section.2}% 7
\BOOKMARK [1][-]{section.3}{Requisitos de usuario}{}% 8
\BOOKMARK [1][-]{section.4}{Casos de uso}{}% 9
\BOOKMARK [1][-]{section.5}{Funcionamiento}{}% 10
\BOOKMARK [1][-]{section.6}{Interfaces}{}% 11
\BOOKMARK [2][-]{subsection.6.1}{Mockup}{section.6}% 12
\BOOKMARK [2][-]{subsection.6.2}{Usabilidad}{section.6}% 13
\BOOKMARK [1][-]{section.7}{Manuales}{}% 14
\BOOKMARK [2][-]{subsection.7.1}{Instalaci\363n para desarrolladores}{section.7}% 15
\BOOKMARK [2][-]{subsection.7.2}{Instalaci\363n para tecnicos}{section.7}% 16
\BOOKMARK [2][-]{subsection.7.3}{Usuarios}{section.7}% 17
\BOOKMARK [2][-]{subsection.7.4}{Ayudas}{section.7}% 18
\BOOKMARK [1][-]{section.8}{Pila tecnol\363gica}{}% 19
\BOOKMARK [1][-]{section.9}{Comparaci\363n de tecnologias}{}% 20
\BOOKMARK [1][-]{section.10}{Repositorios}{}% 21
\BOOKMARK [1][-]{section.11}{Planificaci\363n}{}% 22
\BOOKMARK [1][-]{section.12}{Conclusiones, opiniones y reflexiones}{}% 23
\BOOKMARK [1][-]{section.13}{Enlaces y referencias}{}% 24
